-------------------------------------------------------------------------------
Test set: TestSuite
-------------------------------------------------------------------------------
Tests run: 1, Failures: 1, Errors: 0, Skipped: 0, Time elapsed: 25.484 sec <<< FAILURE! - in TestSuite
verifyParis(tests.InternationTours)  Time elapsed: 15.935 sec  <<< FAILURE!
java.lang.AssertionError: expected [false] but found [true]
	at tests.InternationTours.verifyParis(InternationTours.java:30)

