<?xml version="1.0" encoding="UTF-8"?>
<!-- Generated by org.testng.reporters.JUnitXMLReporter -->
<testsuite ignored="0" hostname="LAPTOP-SAPACB4E" failures="1" tests="1" name="Test" time="23.815" errors="0" timestamp="2022-08-10T19:47:33 IST">
  <testcase classname="tests.InternationTours" name="verifyParis" time="1.192">
    <failure type="java.lang.AssertionError" message="expected [false] but found [true]">
      <![CDATA[java.lang.AssertionError: expected [false] but found [true]
at tests.InternationTours.verifyParis(InternationTours.java:30)
at java.base/java.util.ArrayList.forEach(ArrayList.java:1511)
... Removed 34 stack frames]]>
    </failure>
  </testcase> <!-- verifyParis -->
</testsuite> <!-- Test -->
